[2024-10-16T17:34:32.236836+00:00] main.CRITICAL: Error: Cannot instantiate interface Magento\Catalog\Model\Layer\FilterableAttributeListInterface in /var/www/html/m246p1/vendor/magento/framework/ObjectManager/Factory/AbstractFactory.php:121
Stack trace:
#0 /var/www/html/m246p1/vendor/magento/framework/ObjectManager/Factory/Compiled.php(108): Magento\Framework\ObjectManager\Factory\AbstractFactory->createObject()
#1 /var/www/html/m246p1/vendor/magento/framework/ObjectManager/Factory/Compiled.php(150): Magento\Framework\ObjectManager\Factory\Compiled->create()
#2 /var/www/html/m246p1/vendor/magento/framework/ObjectManager/Factory/Compiled.php(79): Magento\Framework\ObjectManager\Factory\Compiled->get()
#3 /var/www/html/m246p1/vendor/magento/framework/ObjectManager/Factory/Compiled.php(150): Magento\Framework\ObjectManager\Factory\Compiled->create()
#4 /var/www/html/m246p1/vendor/magento/framework/ObjectManager/Factory/Compiled.php(79): Magento\Framework\ObjectManager\Factory\Compiled->get()
#5 /var/www/html/m246p1/vendor/magento/framework/ObjectManager/ObjectManager.php(56): Magento\Framework\ObjectManager\Factory\Compiled->create()
#6 /var/www/html/m246p1/vendor/magento/framework/View/Element/BlockFactory.php(44): Magento\Framework\ObjectManager\ObjectManager->create()
#7 /var/www/html/m246p1/vendor/magento/framework/View/Layout/Generator/Block.php(272): Magento\Framework\View\Element\BlockFactory->createBlock()
#8 /var/www/html/m246p1/vendor/magento/framework/View/Layout/Generator/Block.php(252): Magento\Framework\View\Layout\Generator\Block->getBlockInstance()
#9 /var/www/html/m246p1/vendor/magento/framework/View/Layout/Generator/Block.php(225): Magento\Framework\View\Layout\Generator\Block->createBlock()
#10 /var/www/html/m246p1/vendor/magento/framework/View/Layout/Generator/Block.php(134): Magento\Framework\View\Layout\Generator\Block->generateBlock()
#11 /var/www/html/m246p1/vendor/magento/framework/View/Layout/GeneratorPool.php(93): Magento\Framework\View\Layout\Generator\Block->process()
#12 /var/www/html/m246p1/vendor/magento/framework/View/Layout.php(365): Magento\Framework\View\Layout\GeneratorPool->process()
#13 /var/www/html/m246p1/vendor/magento/framework/Interception/Interceptor.php(58): Magento\Framework\View\Layout->generateElements()
#14 /var/www/html/m246p1/vendor/magento/framework/Interception/Interceptor.php(138): Magento\Framework\View\Layout\Interceptor->___callParent()
#15 /var/www/html/m246p1/vendor/magento/framework/Interception/Interceptor.php(153): Magento\Framework\View\Layout\Interceptor->Magento\Framework\Interception\{closure}()
#16 /var/www/html/m246p1/generated/code/Magento/Framework/View/Layout/Interceptor.php(32): Magento\Framework\View\Layout\Interceptor->___callPlugins()
#17 /var/www/html/m246p1/vendor/magento/framework/View/Layout/Builder.php(129): Magento\Framework\View\Layout\Interceptor->generateElements()
#18 /var/www/html/m246p1/vendor/magento/framework/View/Page/Builder.php(65): Magento\Framework\View\Layout\Builder->generateLayoutBlocks()
#19 /var/www/html/m246p1/vendor/magento/framework/View/Layout/Builder.php(65): Magento\Framework\View\Page\Builder->generateLayoutBlocks()
#20 /var/www/html/m246p1/vendor/magento/framework/View/Page/Config.php(227): Magento\Framework\View\Layout\Builder->build()
#21 /var/www/html/m246p1/vendor/magento/framework/View/Page/Config.php(591): Magento\Framework\View\Page\Config->build()
#22 /var/www/html/m246p1/vendor/magento/framework/View/Page/Config.php(549): Magento\Framework\View\Page\Config->getElementAttribute()
#23 /var/www/html/m246p1/vendor/magento/module-catalog/Controller/Category/View.php(246): Magento\Framework\View\Page\Config->addBodyClass()
#24 /var/www/html/m246p1/vendor/magento/framework/Interception/Interceptor.php(58): Magento\Catalog\Controller\Category\View->execute()
#25 /var/www/html/m246p1/vendor/magento/framework/Interception/Interceptor.php(138): Magento\Catalog\Controller\Category\View\Interceptor->___callParent()
#26 /var/www/html/m246p1/vendor/magento/framework/Interception/Interceptor.php(153): Magento\Catalog\Controller\Category\View\Interceptor->Magento\Framework\Interception\{closure}()
#27 /var/www/html/m246p1/generated/code/Magento/Catalog/Controller/Category/View/Interceptor.php(23): Magento\Catalog\Controller\Category\View\Interceptor->___callPlugins()
#28 /var/www/html/m246p1/vendor/magento/framework/App/Action/Action.php(111): Magento\Catalog\Controller\Category\View\Interceptor->execute()
#29 /var/www/html/m246p1/vendor/magento/framework/Interception/Interceptor.php(58): Magento\Framework\App\Action\Action->dispatch()
#30 /var/www/html/m246p1/vendor/magento/framework/Interception/Interceptor.php(138): Magento\Catalog\Controller\Category\View\Interceptor->___callParent()
#31 /var/www/html/m246p1/vendor/magento/framework/Interception/Interceptor.php(153): Magento\Catalog\Controller\Category\View\Interceptor->Magento\Framework\Interception\{closure}()
#32 /var/www/html/m246p1/generated/code/Magento/Catalog/Controller/Category/View/Interceptor.php(32): Magento\Catalog\Controller\Category\View\Interceptor->___callPlugins()
#33 /var/www/html/m246p1/vendor/magento/framework/App/FrontController.php(245): Magento\Catalog\Controller\Category\View\Interceptor->dispatch()
#34 /var/www/html/m246p1/vendor/magento/framework/App/FrontController.php(212): Magento\Framework\App\FrontController->getActionResponse()
#35 /var/www/html/m246p1/vendor/magento/framework/App/FrontController.php(146): Magento\Framework\App\FrontController->processRequest()
#36 /var/www/html/m246p1/vendor/magento/framework/Interception/Interceptor.php(58): Magento\Framework\App\FrontController->dispatch()
#37 /var/www/html/m246p1/vendor/magento/framework/Interception/Interceptor.php(138): Magento\Framework\App\FrontController\Interceptor->___callParent()
#38 /var/www/html/m246p1/vendor/magento/module-store/App/FrontController/Plugin/RequestPreprocessor.php(99): Magento\Framework\App\FrontController\Interceptor->Magento\Framework\Interception\{closure}()
#39 /var/www/html/m246p1/vendor/magento/framework/Interception/Interceptor.php(135): Magento\Store\App\FrontController\Plugin\RequestPreprocessor->aroundDispatch()
#40 /var/www/html/m246p1/vendor/magento/module-page-cache/Model/App/FrontController/BuiltinPlugin.php(75): Magento\Framework\App\FrontController\Interceptor->Magento\Framework\Interception\{closure}()
#41 /var/www/html/m246p1/vendor/magento/framework/Interception/Interceptor.php(135): Magento\PageCache\Model\App\FrontController\BuiltinPlugin->aroundDispatch()
#42 /var/www/html/m246p1/vendor/magento/framework/Interception/Interceptor.php(153): Magento\Framework\App\FrontController\Interceptor->Magento\Framework\Interception\{closure}()
#43 /var/www/html/m246p1/generated/code/Magento/Framework/App/FrontController/Interceptor.php(23): Magento\Framework\App\FrontController\Interceptor->___callPlugins()
#44 /var/www/html/m246p1/vendor/magento/framework/App/Http.php(116): Magento\Framework\App\FrontController\Interceptor->dispatch()
#45 /var/www/html/m246p1/vendor/magento/framework/App/Bootstrap.php(264): Magento\Framework\App\Http->launch()
#46 /var/www/html/m246p1/index.php(30): Magento\Framework\App\Bootstrap->run()
#47 {main} {"exception":"[object] (Error(code: 0): Cannot instantiate interface Magento\\Catalog\\Model\\Layer\\FilterableAttributeListInterface at /var/www/html/m246p1/vendor/magento/framework/ObjectManager/Factory/AbstractFactory.php:121)"} []
[2024-10-16T17:48:46.790438+00:00] main.CRITICAL: Error: Cannot instantiate interface Magento\Catalog\Model\Layer\FilterableAttributeListInterface in /var/www/html/m246p1/vendor/magento/framework/ObjectManager/Factory/AbstractFactory.php:121
Stack trace:
#0 /var/www/html/m246p1/vendor/magento/framework/ObjectManager/Factory/Compiled.php(108): Magento\Framework\ObjectManager\Factory\AbstractFactory->createObject()
#1 /var/www/html/m246p1/vendor/magento/framework/ObjectManager/Factory/Compiled.php(150): Magento\Framework\ObjectManager\Factory\Compiled->create()
#2 /var/www/html/m246p1/vendor/magento/framework/ObjectManager/Factory/Compiled.php(79): Magento\Framework\ObjectManager\Factory\Compiled->get()
#3 /var/www/html/m246p1/vendor/magento/framework/ObjectManager/Factory/Compiled.php(150): Magento\Framework\ObjectManager\Factory\Compiled->create()
#4 /var/www/html/m246p1/vendor/magento/framework/ObjectManager/Factory/Compiled.php(79): Magento\Framework\ObjectManager\Factory\Compiled->get()
#5 /var/www/html/m246p1/vendor/magento/framework/ObjectManager/ObjectManager.php(56): Magento\Framework\ObjectManager\Factory\Compiled->create()
#6 /var/www/html/m246p1/vendor/magento/framework/View/Element/BlockFactory.php(44): Magento\Framework\ObjectManager\ObjectManager->create()
#7 /var/www/html/m246p1/vendor/magento/framework/View/Layout/Generator/Block.php(272): Magento\Framework\View\Element\BlockFactory->createBlock()
#8 /var/www/html/m246p1/vendor/magento/framework/View/Layout/Generator/Block.php(252): Magento\Framework\View\Layout\Generator\Block->getBlockInstance()
#9 /var/www/html/m246p1/vendor/magento/framework/View/Layout/Generator/Block.php(225): Magento\Framework\View\Layout\Generator\Block->createBlock()
#10 /var/www/html/m246p1/vendor/magento/framework/View/Layout/Generator/Block.php(134): Magento\Framework\View\Layout\Generator\Block->generateBlock()
#11 /var/www/html/m246p1/vendor/magento/framework/View/Layout/GeneratorPool.php(93): Magento\Framework\View\Layout\Generator\Block->process()
#12 /var/www/html/m246p1/vendor/magento/framework/View/Layout.php(365): Magento\Framework\View\Layout\GeneratorPool->process()
#13 /var/www/html/m246p1/vendor/magento/framework/Interception/Interceptor.php(58): Magento\Framework\View\Layout->generateElements()
#14 /var/www/html/m246p1/vendor/magento/framework/Interception/Interceptor.php(138): Magento\Framework\View\Layout\Interceptor->___callParent()
#15 /var/www/html/m246p1/vendor/magento/framework/Interception/Interceptor.php(153): Magento\Framework\View\Layout\Interceptor->Magento\Framework\Interception\{closure}()
#16 /var/www/html/m246p1/generated/code/Magento/Framework/View/Layout/Interceptor.php(32): Magento\Framework\View\Layout\Interceptor->___callPlugins()
#17 /var/www/html/m246p1/vendor/magento/framework/View/Layout/Builder.php(129): Magento\Framework\View\Layout\Interceptor->generateElements()
#18 /var/www/html/m246p1/vendor/magento/framework/View/Page/Builder.php(65): Magento\Framework\View\Layout\Builder->generateLayoutBlocks()
#19 /var/www/html/m246p1/vendor/magento/framework/View/Layout/Builder.php(65): Magento\Framework\View\Page\Builder->generateLayoutBlocks()
#20 /var/www/html/m246p1/vendor/magento/framework/View/Page/Config.php(227): Magento\Framework\View\Layout\Builder->build()
#21 /var/www/html/m246p1/vendor/magento/framework/View/Page/Config.php(591): Magento\Framework\View\Page\Config->build()
#22 /var/www/html/m246p1/vendor/magento/framework/View/Page/Config.php(549): Magento\Framework\View\Page\Config->getElementAttribute()
#23 /var/www/html/m246p1/vendor/magento/module-catalog/Controller/Category/View.php(246): Magento\Framework\View\Page\Config->addBodyClass()
#24 /var/www/html/m246p1/vendor/magento/framework/Interception/Interceptor.php(58): Magento\Catalog\Controller\Category\View->execute()
#25 /var/www/html/m246p1/vendor/magento/framework/Interception/Interceptor.php(138): Magento\Catalog\Controller\Category\View\Interceptor->___callParent()
#26 /var/www/html/m246p1/vendor/magento/framework/Interception/Interceptor.php(153): Magento\Catalog\Controller\Category\View\Interceptor->Magento\Framework\Interception\{closure}()
#27 /var/www/html/m246p1/generated/code/Magento/Catalog/Controller/Category/View/Interceptor.php(23): Magento\Catalog\Controller\Category\View\Interceptor->___callPlugins()
#28 /var/www/html/m246p1/vendor/magento/framework/App/Action/Action.php(111): Magento\Catalog\Controller\Category\View\Interceptor->execute()
#29 /var/www/html/m246p1/vendor/magento/framework/Interception/Interceptor.php(58): Magento\Framework\App\Action\Action->dispatch()
#30 /var/www/html/m246p1/vendor/magento/framework/Interception/Interceptor.php(138): Magento\Catalog\Controller\Category\View\Interceptor->___callParent()
#31 /var/www/html/m246p1/vendor/magento/framework/Interception/Interceptor.php(153): Magento\Catalog\Controller\Category\View\Interceptor->Magento\Framework\Interception\{closure}()
#32 /var/www/html/m246p1/generated/code/Magento/Catalog/Controller/Category/View/Interceptor.php(32): Magento\Catalog\Controller\Category\View\Interceptor->___callPlugins()
#33 /var/www/html/m246p1/vendor/magento/framework/App/FrontController.php(245): Magento\Catalog\Controller\Category\View\Interceptor->dispatch()
#34 /var/www/html/m246p1/vendor/magento/framework/App/FrontController.php(212): Magento\Framework\App\FrontController->getActionResponse()
#35 /var/www/html/m246p1/vendor/magento/framework/App/FrontController.php(146): Magento\Framework\App\FrontController->processRequest()
#36 /var/www/html/m246p1/vendor/magento/framework/Interception/Interceptor.php(58): Magento\Framework\App\FrontController->dispatch()
#37 /var/www/html/m246p1/vendor/magento/framework/Interception/Interceptor.php(138): Magento\Framework\App\FrontController\Interceptor->___callParent()
#38 /var/www/html/m246p1/vendor/magento/module-store/App/FrontController/Plugin/RequestPreprocessor.php(99): Magento\Framework\App\FrontController\Interceptor->Magento\Framework\Interception\{closure}()
#39 /var/www/html/m246p1/vendor/magento/framework/Interception/Interceptor.php(135): Magento\Store\App\FrontController\Plugin\RequestPreprocessor->aroundDispatch()
#40 /var/www/html/m246p1/vendor/magento/module-page-cache/Model/App/FrontController/BuiltinPlugin.php(75): Magento\Framework\App\FrontController\Interceptor->Magento\Framework\Interception\{closure}()
#41 /var/www/html/m246p1/vendor/magento/framework/Interception/Interceptor.php(135): Magento\PageCache\Model\App\FrontController\BuiltinPlugin->aroundDispatch()
#42 /var/www/html/m246p1/vendor/magento/framework/Interception/Interceptor.php(153): Magento\Framework\App\FrontController\Interceptor->Magento\Framework\Interception\{closure}()
#43 /var/www/html/m246p1/generated/code/Magento/Framework/App/FrontController/Interceptor.php(23): Magento\Framework\App\FrontController\Interceptor->___callPlugins()
#44 /var/www/html/m246p1/vendor/magento/framework/App/Http.php(116): Magento\Framework\App\FrontController\Interceptor->dispatch()
#45 /var/www/html/m246p1/vendor/magento/framework/App/Bootstrap.php(264): Magento\Framework\App\Http->launch()
#46 /var/www/html/m246p1/index.php(30): Magento\Framework\App\Bootstrap->run()
#47 {main} {"exception":"[object] (Error(code: 0): Cannot instantiate interface Magento\\Catalog\\Model\\Layer\\FilterableAttributeListInterface at /var/www/html/m246p1/vendor/magento/framework/ObjectManager/Factory/AbstractFactory.php:121)"} []
