[2024-10-16T17:35:42.907321+00:00] main.INFO: Item Magento_Backend::system_currency was removed [] []
[2024-10-16T17:35:42.913530+00:00] main.INFO: Add of item with id Magento_Config::system_config was processed [] []
[2024-10-16T17:35:42.914159+00:00] main.INFO: Add of item with id Magento_AdminNotification::system_adminnotification was processed [] []
[2024-10-16T17:35:42.914673+00:00] main.INFO: Add of item with id Magento_Theme::design_config was processed [] []
[2024-10-16T17:35:42.915146+00:00] main.INFO: Add of item with id Magento_Theme::system_design_theme was processed [] []
[2024-10-16T17:35:42.915613+00:00] main.INFO: Add of item with id Magento_Backend::system_design_schedule was processed [] []
[2024-10-16T17:35:42.916060+00:00] main.INFO: Add of item with id Magento_Backend::system_store was processed [] []
[2024-10-16T17:35:42.916461+00:00] main.INFO: Add of item with id Magento_Backend::dashboard was processed [] []
[2024-10-16T17:35:42.916856+00:00] main.INFO: Add of item with id Magento_Backend::system was processed [] []
[2024-10-16T17:35:42.917200+00:00] main.INFO: Add of item with id Magento_Backend::system_tools was processed [] []
[2024-10-16T17:35:42.917493+00:00] main.INFO: Add of item with id Magento_Backend::system_design was processed [] []
[2024-10-16T17:35:42.917845+00:00] main.INFO: Add of item with id Magento_Backend::system_convert was processed [] []
[2024-10-16T17:35:42.918208+00:00] main.INFO: Add of item with id Magento_Backend::system_cache was processed [] []
[2024-10-16T17:35:42.918535+00:00] main.INFO: Add of item with id Magento_Backend::marketing was processed [] []
[2024-10-16T17:35:42.918879+00:00] main.INFO: Add of item with id Magento_Backend::marketing_communications was processed [] []
[2024-10-16T17:35:42.919207+00:00] main.INFO: Add of item with id Magento_Backend::marketing_seo was processed [] []
[2024-10-16T17:35:42.919528+00:00] main.INFO: Add of item with id Magento_Backend::marketing_user_content was processed [] []
[2024-10-16T17:35:42.919858+00:00] main.INFO: Add of item with id Magento_Backend::content was processed [] []
[2024-10-16T17:35:42.920182+00:00] main.INFO: Add of item with id Magento_Backend::content_elements was processed [] []
[2024-10-16T17:35:42.920503+00:00] main.INFO: Add of item with id Magento_Backend::stores was processed [] []
[2024-10-16T17:35:42.920844+00:00] main.INFO: Add of item with id Magento_Backend::stores_settings was processed [] []
[2024-10-16T17:35:42.921173+00:00] main.INFO: Add of item with id Magento_Backend::stores_attributes was processed [] []
[2024-10-16T17:35:42.921490+00:00] main.INFO: Add of item with id Magento_Backend::other_settings was processed [] []
[2024-10-16T17:35:42.921816+00:00] main.INFO: Add of item with id Magento_Backend::system_other_settings was processed [] []
[2024-10-16T17:35:42.922214+00:00] main.INFO: Add of item with id Magento_User::system_acl was processed [] []
[2024-10-16T17:35:42.922667+00:00] main.INFO: Add of item with id Magento_User::system_acl_users was processed [] []
[2024-10-16T17:35:42.922956+00:00] main.INFO: Add of item with id Magento_User::system_acl_roles was processed [] []
[2024-10-16T17:35:42.923224+00:00] main.INFO: Add of item with id Magento_User::system_acl_locks was processed [] []
[2024-10-16T17:35:42.923488+00:00] main.INFO: Add of item with id Magento_Customer::customer was processed [] []
[2024-10-16T17:35:42.923772+00:00] main.INFO: Add of item with id Magento_Customer::customer_manage was processed [] []
[2024-10-16T17:35:42.924067+00:00] main.INFO: Add of item with id Magento_Customer::customer_online was processed [] []
[2024-10-16T17:35:42.924323+00:00] main.INFO: Add of item with id Magento_Customer::customer_group was processed [] []
[2024-10-16T17:35:42.924586+00:00] main.INFO: Add of item with id Magento_Backup::system_tools_backup was processed [] []
[2024-10-16T17:35:42.924848+00:00] main.INFO: Add of item with id Magento_Indexer::system_index was processed [] []
[2024-10-16T17:35:42.925102+00:00] main.INFO: Add of item with id Magento_Variable::system_variable was processed [] []
[2024-10-16T17:35:42.925373+00:00] main.INFO: Add of item with id Magento_Cms::cms_page was processed [] []
[2024-10-16T17:35:42.925640+00:00] main.INFO: Add of item with id Magento_Cms::cms_block was processed [] []
[2024-10-16T17:35:42.925909+00:00] main.INFO: Add of item with id Magento_Search::search_terms was processed [] []
[2024-10-16T17:35:42.926166+00:00] main.INFO: Add of item with id Magento_Search::search_synonyms was processed [] []
[2024-10-16T17:35:42.926421+00:00] main.INFO: Add of item with id Magento_Catalog::catalog was processed [] []
[2024-10-16T17:35:42.926689+00:00] main.INFO: Add of item with id Magento_Catalog::catalog_products was processed [] []
[2024-10-16T17:35:42.926950+00:00] main.INFO: Add of item with id Magento_Catalog::catalog_categories was processed [] []
[2024-10-16T17:35:42.927212+00:00] main.INFO: Add of item with id Magento_Catalog::catalog_attributes_attributes was processed [] []
[2024-10-16T17:35:42.927468+00:00] main.INFO: Add of item with id Magento_Catalog::catalog_attributes_sets was processed [] []
[2024-10-16T17:35:42.927750+00:00] main.INFO: Add of item with id Magento_Catalog::inventory was processed [] []
[2024-10-16T17:35:42.928028+00:00] main.INFO: Add of item with id Magento_CatalogRule::promo was processed [] []
[2024-10-16T17:35:42.928297+00:00] main.INFO: Add of item with id Magento_CatalogRule::promo_catalog was processed [] []
[2024-10-16T17:35:42.928561+00:00] main.INFO: Add of item with id Magento_MediaGalleryUi::media was processed [] []
[2024-10-16T17:35:42.928907+00:00] main.INFO: Add of item with id Magento_MediaGalleryUi::media_gallery was processed [] []
[2024-10-16T17:35:42.929234+00:00] main.INFO: Add of item with id Magento_Integration::system_extensions was processed [] []
[2024-10-16T17:35:42.929573+00:00] main.INFO: Add of item with id Magento_Integration::system_integrations was processed [] []
[2024-10-16T17:35:42.929901+00:00] main.INFO: Add of item with id Magento_Sales::sales was processed [] []
[2024-10-16T17:35:42.930228+00:00] main.INFO: Add of item with id Magento_Sales::sales_operation was processed [] []
[2024-10-16T17:35:42.930567+00:00] main.INFO: Add of item with id Magento_Sales::sales_order was processed [] []
[2024-10-16T17:35:42.930895+00:00] main.INFO: Add of item with id Magento_Sales::sales_invoice was processed [] []
[2024-10-16T17:35:42.931214+00:00] main.INFO: Add of item with id Magento_Sales::sales_shipment was processed [] []
[2024-10-16T17:35:42.931531+00:00] main.INFO: Add of item with id Magento_Sales::sales_creditmemo was processed [] []
[2024-10-16T17:35:42.931873+00:00] main.INFO: Add of item with id Magento_Sales::sales_transactions was processed [] []
[2024-10-16T17:35:42.932243+00:00] main.INFO: Add of item with id Magento_Sales::system_order_statuses was processed [] []
[2024-10-16T17:35:42.932583+00:00] main.INFO: Add of item with id Magento_Widget::cms_widget_instance was processed [] []
[2024-10-16T17:35:42.932928+00:00] main.INFO: Add of item with id Magento_Analytics::business_intelligence was processed [] []
[2024-10-16T17:35:42.933265+00:00] main.INFO: Add of item with id Magento_Analytics::advanced_reporting was processed [] []
[2024-10-16T17:35:42.933594+00:00] main.INFO: Add of item with id Magento_Analytics::bi_essentials was processed [] []
[2024-10-16T17:35:42.933928+00:00] main.INFO: Add of item with id Magento_Downloadable::report_products_downloads was processed [] []
[2024-10-16T17:35:42.934266+00:00] main.INFO: Add of item with id Magento_ImportExport::system_convert_import was processed [] []
[2024-10-16T17:35:42.934600+00:00] main.INFO: Add of item with id Magento_ImportExport::system_convert_export was processed [] []
[2024-10-16T17:35:42.934926+00:00] main.INFO: Add of item with id Magento_ImportExport::system_convert_history was processed [] []
[2024-10-16T17:35:42.935299+00:00] main.INFO: Add of item with id Magento_Email::template was processed [] []
[2024-10-16T17:35:42.935666+00:00] main.INFO: Add of item with id Magento_EncryptionKey::system_crypt_key was processed [] []
[2024-10-16T17:35:42.936042+00:00] main.INFO: Add of item with id Magento_InventoryAdminUi::inventory was processed [] []
[2024-10-16T17:35:42.936373+00:00] main.INFO: Add of item with id Magento_InventoryAdminUi::source was processed [] []
[2024-10-16T17:35:42.936700+00:00] main.INFO: Add of item with id Magento_InventoryAdminUi::stock was processed [] []
[2024-10-16T17:35:42.937022+00:00] main.INFO: Add of item with id Magento_Reports::report was processed [] []
[2024-10-16T17:35:42.937357+00:00] main.INFO: Add of item with id Magento_Reports::report_marketing was processed [] []
[2024-10-16T17:35:42.937687+00:00] main.INFO: Add of item with id Magento_Reports::report_salesroot was processed [] []
[2024-10-16T17:35:42.938036+00:00] main.INFO: Add of item with id Magento_Reports::report_salesroot_sales was processed [] []
[2024-10-16T17:35:42.938372+00:00] main.INFO: Add of item with id Magento_Reports::report_salesroot_tax was processed [] []
[2024-10-16T17:35:42.938729+00:00] main.INFO: Add of item with id Magento_Reports::report_salesroot_invoiced was processed [] []
[2024-10-16T17:35:42.939073+00:00] main.INFO: Add of item with id Magento_Reports::report_salesroot_shipping was processed [] []
[2024-10-16T17:35:42.939393+00:00] main.INFO: Add of item with id Magento_Reports::report_salesroot_refunded was processed [] []
[2024-10-16T17:35:42.939717+00:00] main.INFO: Add of item with id Magento_Reports::report_salesroot_coupons was processed [] []
[2024-10-16T17:35:42.940044+00:00] main.INFO: Add of item with id Magento_Reports::report_shopcart_product was processed [] []
[2024-10-16T17:35:42.940365+00:00] main.INFO: Add of item with id Magento_Reports::report_shopcart_abandoned was processed [] []
[2024-10-16T17:35:42.940688+00:00] main.INFO: Add of item with id Magento_Reports::report_products was processed [] []
[2024-10-16T17:35:42.941009+00:00] main.INFO: Add of item with id Magento_Reports::report_products_bestsellers was processed [] []
[2024-10-16T17:35:42.941324+00:00] main.INFO: Add of item with id Magento_Reports::report_products_sold was processed [] []
[2024-10-16T17:35:42.941661+00:00] main.INFO: Add of item with id Magento_Reports::report_products_viewed was processed [] []
[2024-10-16T17:35:42.941984+00:00] main.INFO: Add of item with id Magento_Reports::report_products_lowstock was processed [] []
[2024-10-16T17:35:42.942301+00:00] main.INFO: Add of item with id Magento_Reports::report_customers was processed [] []
[2024-10-16T17:35:42.942630+00:00] main.INFO: Add of item with id Magento_Reports::report_customers_accounts was processed [] []
[2024-10-16T17:35:42.942955+00:00] main.INFO: Add of item with id Magento_Reports::report_customers_totals was processed [] []
[2024-10-16T17:35:42.943293+00:00] main.INFO: Add of item with id Magento_Reports::report_customers_orders was processed [] []
[2024-10-16T17:35:42.943622+00:00] main.INFO: Add of item with id Magento_Reports::report_statistics was processed [] []
[2024-10-16T17:35:42.943958+00:00] main.INFO: Add of item with id Magento_Reports::report_statistics_refresh was processed [] []
[2024-10-16T17:35:42.944285+00:00] main.INFO: Add of item with id Magento_Search::report_search_term was processed [] []
[2024-10-16T17:35:42.944632+00:00] main.INFO: Add of item with id Magento_LoginAsCustomerLog::login_log was processed [] []
[2024-10-16T17:35:42.944970+00:00] main.INFO: Add of item with id Magento_Marketplace::partners was processed [] []
[2024-10-16T17:35:42.945311+00:00] main.INFO: Add of item with id Magento_Newsletter::newsletter_template was processed [] []
[2024-10-16T17:35:42.945644+00:00] main.INFO: Add of item with id Magento_Newsletter::newsletter_queue was processed [] []
[2024-10-16T17:35:42.945986+00:00] main.INFO: Add of item with id Magento_Newsletter::newsletter_subscriber was processed [] []
[2024-10-16T17:35:42.946302+00:00] main.INFO: Add of item with id Magento_Newsletter::newsletter_problem was processed [] []
[2024-10-16T17:35:42.946622+00:00] main.INFO: Add of item with id Magento_SalesRule::promo_quote was processed [] []
[2024-10-16T17:35:42.946949+00:00] main.INFO: Add of item with id Magento_Sitemap::catalog_sitemap was processed [] []
[2024-10-16T17:35:42.947264+00:00] main.INFO: Add of item with id Magento_PageBuilder::templates was processed [] []
[2024-10-16T17:35:42.947587+00:00] main.INFO: Add of item with id Magento_Paypal::report_salesroot_paypal_settlement_reports was processed [] []
[2024-10-16T17:35:42.947912+00:00] main.INFO: Add of item with id Magento_Paypal::paypal_billing_agreement was processed [] []
[2024-10-16T17:35:42.948253+00:00] main.INFO: Add of item with id Magento_CheckoutAgreements::sales_checkoutagreement was processed [] []
[2024-10-16T17:35:42.948594+00:00] main.INFO: Add of item with id Magento_Review::catalog_reviews_ratings_ratings was processed [] []
[2024-10-16T17:35:42.948948+00:00] main.INFO: Add of item with id Magento_Review::catalog_reviews_ratings_pending was processed [] []
[2024-10-16T17:35:42.949286+00:00] main.INFO: Add of item with id Magento_Review::catalog_reviews_ratings_reviews_all was processed [] []
[2024-10-16T17:35:42.949626+00:00] main.INFO: Add of item with id Magento_Review::report_review was processed [] []
[2024-10-16T17:35:42.949969+00:00] main.INFO: Add of item with id Magento_Review::report_review_customer was processed [] []
[2024-10-16T17:35:42.950298+00:00] main.INFO: Add of item with id Magento_Review::report_review_product was processed [] []
[2024-10-16T17:35:42.950634+00:00] main.INFO: Add of item with id Magento_UrlRewrite::urlrewrite was processed [] []
[2024-10-16T17:35:42.950966+00:00] main.INFO: Add of item with id Magento_Tax::sales_tax was processed [] []
[2024-10-16T17:35:42.951310+00:00] main.INFO: Add of item with id Magento_Tax::sales_tax_rules was processed [] []
[2024-10-16T17:35:42.951649+00:00] main.INFO: Add of item with id Magento_Tax::sales_tax_rates was processed [] []
[2024-10-16T17:35:42.951985+00:00] main.INFO: Add of item with id Magento_TaxImportExport::system_convert_tax was processed [] []
[2024-10-16T17:35:42.952318+00:00] main.INFO: Add of item with id Magento_AsynchronousOperations::system_magento_logging was processed [] []
[2024-10-16T17:35:42.952667+00:00] main.INFO: Add of item with id Magento_AsynchronousOperations::system_magento_logging_bulk_operations was processed [] []
[2024-10-16T17:35:42.953005+00:00] main.INFO: Add of item with id Magento_CurrencySymbol::system_currency was processed [] []
[2024-10-16T17:35:42.953343+00:00] main.INFO: Add of item with id Magento_CurrencySymbol::system_currency_rates was processed [] []
[2024-10-16T17:35:42.953683+00:00] main.INFO: Add of item with id Magento_CurrencySymbol::system_currency_symbols was processed [] []
[2024-10-16T17:35:42.954021+00:00] main.INFO: Add of item with id Meetanshi_ShipmentIntegrator::shipment was processed [] []
[2024-10-16T17:35:42.954350+00:00] main.INFO: Add of item with id PayPal_Braintree::settlement_report was processed [] []
[2024-10-16T17:35:42.954690+00:00] main.INFO: Add of item with id PayPal_Braintree::virtual_terminal was processed [] []
[2024-10-16T17:35:42.955026+00:00] main.INFO: Add of item with id Sparsh_Banner::elements was processed [] []
[2024-10-16T17:35:42.955363+00:00] main.INFO: Add of item with id Sparsh_Banner::banner was processed [] []
[2024-10-16T17:35:42.955698+00:00] main.INFO: Add of item with id Sparsh_Banner::configuration was processed [] []
[2024-10-16T17:35:42.956030+00:00] main.INFO: Add of item with id Thecoachsmb_Grid::gridmanager was processed [] []
[2024-10-16T17:35:42.956377+00:00] main.INFO: Add of item with id Thecoachsmb_Grid::create was processed [] []
[2024-10-16T17:40:58.749202+00:00] main.INFO: Item Magento_Backend::system_currency was removed [] []
[2024-10-16T17:40:58.754041+00:00] main.INFO: Add of item with id Magento_Config::system_config was processed [] []
[2024-10-16T17:40:58.754438+00:00] main.INFO: Add of item with id Magento_AdminNotification::system_adminnotification was processed [] []
[2024-10-16T17:40:58.754727+00:00] main.INFO: Add of item with id Magento_Theme::design_config was processed [] []
[2024-10-16T17:40:58.754999+00:00] main.INFO: Add of item with id Magento_Theme::system_design_theme was processed [] []
[2024-10-16T17:40:58.755224+00:00] main.INFO: Add of item with id Magento_Backend::system_design_schedule was processed [] []
[2024-10-16T17:40:58.755496+00:00] main.INFO: Add of item with id Magento_Backend::system_store was processed [] []
[2024-10-16T17:40:58.755827+00:00] main.INFO: Add of item with id Magento_Backend::dashboard was processed [] []
[2024-10-16T17:40:58.756097+00:00] main.INFO: Add of item with id Magento_Backend::system was processed [] []
[2024-10-16T17:40:58.756329+00:00] main.INFO: Add of item with id Magento_Backend::system_tools was processed [] []
[2024-10-16T17:40:58.756561+00:00] main.INFO: Add of item with id Magento_Backend::system_design was processed [] []
[2024-10-16T17:40:58.756820+00:00] main.INFO: Add of item with id Magento_Backend::system_convert was processed [] []
[2024-10-16T17:40:58.757084+00:00] main.INFO: Add of item with id Magento_Backend::system_cache was processed [] []
[2024-10-16T17:40:58.757319+00:00] main.INFO: Add of item with id Magento_Backend::marketing was processed [] []
[2024-10-16T17:40:58.757545+00:00] main.INFO: Add of item with id Magento_Backend::marketing_communications was processed [] []
[2024-10-16T17:40:58.757783+00:00] main.INFO: Add of item with id Magento_Backend::marketing_seo was processed [] []
[2024-10-16T17:40:58.758006+00:00] main.INFO: Add of item with id Magento_Backend::marketing_user_content was processed [] []
[2024-10-16T17:40:58.758227+00:00] main.INFO: Add of item with id Magento_Backend::content was processed [] []
[2024-10-16T17:40:58.758468+00:00] main.INFO: Add of item with id Magento_Backend::content_elements was processed [] []
[2024-10-16T17:40:58.758708+00:00] main.INFO: Add of item with id Magento_Backend::stores was processed [] []
[2024-10-16T17:40:58.758949+00:00] main.INFO: Add of item with id Magento_Backend::stores_settings was processed [] []
[2024-10-16T17:40:58.759182+00:00] main.INFO: Add of item with id Magento_Backend::stores_attributes was processed [] []
[2024-10-16T17:40:58.759412+00:00] main.INFO: Add of item with id Magento_Backend::other_settings was processed [] []
[2024-10-16T17:40:58.759647+00:00] main.INFO: Add of item with id Magento_Backend::system_other_settings was processed [] []
[2024-10-16T17:40:58.759882+00:00] main.INFO: Add of item with id Magento_User::system_acl was processed [] []
[2024-10-16T17:40:58.760146+00:00] main.INFO: Add of item with id Magento_User::system_acl_users was processed [] []
[2024-10-16T17:40:58.760403+00:00] main.INFO: Add of item with id Magento_User::system_acl_roles was processed [] []
[2024-10-16T17:40:58.760644+00:00] main.INFO: Add of item with id Magento_User::system_acl_locks was processed [] []
[2024-10-16T17:40:58.760929+00:00] main.INFO: Add of item with id Magento_Customer::customer was processed [] []
[2024-10-16T17:40:58.761185+00:00] main.INFO: Add of item with id Magento_Customer::customer_manage was processed [] []
[2024-10-16T17:40:58.761423+00:00] main.INFO: Add of item with id Magento_Customer::customer_online was processed [] []
[2024-10-16T17:40:58.761678+00:00] main.INFO: Add of item with id Magento_Customer::customer_group was processed [] []
[2024-10-16T17:40:58.761932+00:00] main.INFO: Add of item with id Magento_Backup::system_tools_backup was processed [] []
[2024-10-16T17:40:58.762179+00:00] main.INFO: Add of item with id Magento_Indexer::system_index was processed [] []
[2024-10-16T17:40:58.762412+00:00] main.INFO: Add of item with id Magento_Variable::system_variable was processed [] []
[2024-10-16T17:40:58.762663+00:00] main.INFO: Add of item with id Magento_Cms::cms_page was processed [] []
[2024-10-16T17:40:58.762903+00:00] main.INFO: Add of item with id Magento_Cms::cms_block was processed [] []
[2024-10-16T17:40:58.763163+00:00] main.INFO: Add of item with id Magento_Search::search_terms was processed [] []
[2024-10-16T17:40:58.763397+00:00] main.INFO: Add of item with id Magento_Search::search_synonyms was processed [] []
[2024-10-16T17:40:58.763645+00:00] main.INFO: Add of item with id Magento_Catalog::catalog was processed [] []
[2024-10-16T17:40:58.763894+00:00] main.INFO: Add of item with id Magento_Catalog::catalog_products was processed [] []
[2024-10-16T17:40:58.764134+00:00] main.INFO: Add of item with id Magento_Catalog::catalog_categories was processed [] []
[2024-10-16T17:40:58.764370+00:00] main.INFO: Add of item with id Magento_Catalog::catalog_attributes_attributes was processed [] []
[2024-10-16T17:40:58.764609+00:00] main.INFO: Add of item with id Magento_Catalog::catalog_attributes_sets was processed [] []
[2024-10-16T17:40:58.764849+00:00] main.INFO: Add of item with id Magento_Catalog::inventory was processed [] []
[2024-10-16T17:40:58.765081+00:00] main.INFO: Add of item with id Magento_CatalogRule::promo was processed [] []
[2024-10-16T17:40:58.765333+00:00] main.INFO: Add of item with id Magento_CatalogRule::promo_catalog was processed [] []
[2024-10-16T17:40:58.765576+00:00] main.INFO: Add of item with id Magento_MediaGalleryUi::media was processed [] []
[2024-10-16T17:40:58.765821+00:00] main.INFO: Add of item with id Magento_MediaGalleryUi::media_gallery was processed [] []
[2024-10-16T17:40:58.766062+00:00] main.INFO: Add of item with id Magento_Integration::system_extensions was processed [] []
[2024-10-16T17:40:58.766303+00:00] main.INFO: Add of item with id Magento_Integration::system_integrations was processed [] []
[2024-10-16T17:40:58.766541+00:00] main.INFO: Add of item with id Magento_Sales::sales was processed [] []
[2024-10-16T17:40:58.766807+00:00] main.INFO: Add of item with id Magento_Sales::sales_operation was processed [] []
[2024-10-16T17:40:58.767051+00:00] main.INFO: Add of item with id Magento_Sales::sales_order was processed [] []
[2024-10-16T17:40:58.767289+00:00] main.INFO: Add of item with id Magento_Sales::sales_invoice was processed [] []
[2024-10-16T17:40:58.767540+00:00] main.INFO: Add of item with id Magento_Sales::sales_shipment was processed [] []
[2024-10-16T17:40:58.767791+00:00] main.INFO: Add of item with id Magento_Sales::sales_creditmemo was processed [] []
[2024-10-16T17:40:58.768029+00:00] main.INFO: Add of item with id Magento_Sales::sales_transactions was processed [] []
[2024-10-16T17:40:58.768284+00:00] main.INFO: Add of item with id Magento_Sales::system_order_statuses was processed [] []
[2024-10-16T17:40:58.768525+00:00] main.INFO: Add of item with id Magento_Widget::cms_widget_instance was processed [] []
[2024-10-16T17:40:58.768784+00:00] main.INFO: Add of item with id Magento_Analytics::business_intelligence was processed [] []
[2024-10-16T17:40:58.769046+00:00] main.INFO: Add of item with id Magento_Analytics::advanced_reporting was processed [] []
[2024-10-16T17:40:58.769298+00:00] main.INFO: Add of item with id Magento_Analytics::bi_essentials was processed [] []
[2024-10-16T17:40:58.769546+00:00] main.INFO: Add of item with id Magento_Downloadable::report_products_downloads was processed [] []
[2024-10-16T17:40:58.769807+00:00] main.INFO: Add of item with id Magento_ImportExport::system_convert_import was processed [] []
[2024-10-16T17:40:58.770052+00:00] main.INFO: Add of item with id Magento_ImportExport::system_convert_export was processed [] []
[2024-10-16T17:40:58.770293+00:00] main.INFO: Add of item with id Magento_ImportExport::system_convert_history was processed [] []
[2024-10-16T17:40:58.770547+00:00] main.INFO: Add of item with id Magento_Email::template was processed [] []
[2024-10-16T17:40:58.770788+00:00] main.INFO: Add of item with id Magento_EncryptionKey::system_crypt_key was processed [] []
[2024-10-16T17:40:58.771020+00:00] main.INFO: Add of item with id Magento_InventoryAdminUi::inventory was processed [] []
[2024-10-16T17:40:58.771269+00:00] main.INFO: Add of item with id Magento_InventoryAdminUi::source was processed [] []
[2024-10-16T17:40:58.771507+00:00] main.INFO: Add of item with id Magento_InventoryAdminUi::stock was processed [] []
[2024-10-16T17:40:58.771757+00:00] main.INFO: Add of item with id Magento_Reports::report was processed [] []
[2024-10-16T17:40:58.772006+00:00] main.INFO: Add of item with id Magento_Reports::report_marketing was processed [] []
[2024-10-16T17:40:58.772262+00:00] main.INFO: Add of item with id Magento_Reports::report_salesroot was processed [] []
[2024-10-16T17:40:58.772544+00:00] main.INFO: Add of item with id Magento_Reports::report_salesroot_sales was processed [] []
[2024-10-16T17:40:58.772805+00:00] main.INFO: Add of item with id Magento_Reports::report_salesroot_tax was processed [] []
[2024-10-16T17:40:58.773054+00:00] main.INFO: Add of item with id Magento_Reports::report_salesroot_invoiced was processed [] []
[2024-10-16T17:40:58.773301+00:00] main.INFO: Add of item with id Magento_Reports::report_salesroot_shipping was processed [] []
[2024-10-16T17:40:58.773549+00:00] main.INFO: Add of item with id Magento_Reports::report_salesroot_refunded was processed [] []
[2024-10-16T17:40:58.773807+00:00] main.INFO: Add of item with id Magento_Reports::report_salesroot_coupons was processed [] []
[2024-10-16T17:40:58.774063+00:00] main.INFO: Add of item with id Magento_Reports::report_shopcart_product was processed [] []
[2024-10-16T17:40:58.774313+00:00] main.INFO: Add of item with id Magento_Reports::report_shopcart_abandoned was processed [] []
[2024-10-16T17:40:58.774560+00:00] main.INFO: Add of item with id Magento_Reports::report_products was processed [] []
[2024-10-16T17:40:58.774818+00:00] main.INFO: Add of item with id Magento_Reports::report_products_bestsellers was processed [] []
[2024-10-16T17:40:58.775111+00:00] main.INFO: Add of item with id Magento_Reports::report_products_sold was processed [] []
[2024-10-16T17:40:58.775485+00:00] main.INFO: Add of item with id Magento_Reports::report_products_viewed was processed [] []
[2024-10-16T17:40:58.775845+00:00] main.INFO: Add of item with id Magento_Reports::report_products_lowstock was processed [] []
[2024-10-16T17:40:58.776191+00:00] main.INFO: Add of item with id Magento_Reports::report_customers was processed [] []
[2024-10-16T17:40:58.776453+00:00] main.INFO: Add of item with id Magento_Reports::report_customers_accounts was processed [] []
[2024-10-16T17:40:58.776710+00:00] main.INFO: Add of item with id Magento_Reports::report_customers_totals was processed [] []
[2024-10-16T17:40:58.776953+00:00] main.INFO: Add of item with id Magento_Reports::report_customers_orders was processed [] []
[2024-10-16T17:40:58.777229+00:00] main.INFO: Add of item with id Magento_Reports::report_statistics was processed [] []
[2024-10-16T17:40:58.777491+00:00] main.INFO: Add of item with id Magento_Reports::report_statistics_refresh was processed [] []
[2024-10-16T17:40:58.777777+00:00] main.INFO: Add of item with id Magento_Search::report_search_term was processed [] []
[2024-10-16T17:40:58.778063+00:00] main.INFO: Add of item with id Magento_LoginAsCustomerLog::login_log was processed [] []
[2024-10-16T17:40:58.778308+00:00] main.INFO: Add of item with id Magento_Marketplace::partners was processed [] []
[2024-10-16T17:40:58.778559+00:00] main.INFO: Add of item with id Magento_Newsletter::newsletter_template was processed [] []
[2024-10-16T17:40:58.778834+00:00] main.INFO: Add of item with id Magento_Newsletter::newsletter_queue was processed [] []
[2024-10-16T17:40:58.779089+00:00] main.INFO: Add of item with id Magento_Newsletter::newsletter_subscriber was processed [] []
[2024-10-16T17:40:58.779357+00:00] main.INFO: Add of item with id Magento_Newsletter::newsletter_problem was processed [] []
[2024-10-16T17:40:58.779604+00:00] main.INFO: Add of item with id Magento_SalesRule::promo_quote was processed [] []
[2024-10-16T17:40:58.779847+00:00] main.INFO: Add of item with id Magento_Sitemap::catalog_sitemap was processed [] []
[2024-10-16T17:40:58.780083+00:00] main.INFO: Add of item with id Magento_PageBuilder::templates was processed [] []
[2024-10-16T17:40:58.780319+00:00] main.INFO: Add of item with id Magento_Paypal::report_salesroot_paypal_settlement_reports was processed [] []
[2024-10-16T17:40:58.780556+00:00] main.INFO: Add of item with id Magento_Paypal::paypal_billing_agreement was processed [] []
[2024-10-16T17:40:58.780810+00:00] main.INFO: Add of item with id Magento_CheckoutAgreements::sales_checkoutagreement was processed [] []
[2024-10-16T17:40:58.781047+00:00] main.INFO: Add of item with id Magento_Review::catalog_reviews_ratings_ratings was processed [] []
[2024-10-16T17:40:58.781318+00:00] main.INFO: Add of item with id Magento_Review::catalog_reviews_ratings_pending was processed [] []
[2024-10-16T17:40:58.781570+00:00] main.INFO: Add of item with id Magento_Review::catalog_reviews_ratings_reviews_all was processed [] []
[2024-10-16T17:40:58.781821+00:00] main.INFO: Add of item with id Magento_Review::report_review was processed [] []
[2024-10-16T17:40:58.782071+00:00] main.INFO: Add of item with id Magento_Review::report_review_customer was processed [] []
[2024-10-16T17:40:58.782317+00:00] main.INFO: Add of item with id Magento_Review::report_review_product was processed [] []
[2024-10-16T17:40:58.782558+00:00] main.INFO: Add of item with id Magento_UrlRewrite::urlrewrite was processed [] []
[2024-10-16T17:40:58.782808+00:00] main.INFO: Add of item with id Magento_Tax::sales_tax was processed [] []
[2024-10-16T17:40:58.783056+00:00] main.INFO: Add of item with id Magento_Tax::sales_tax_rules was processed [] []
[2024-10-16T17:40:58.783299+00:00] main.INFO: Add of item with id Magento_Tax::sales_tax_rates was processed [] []
[2024-10-16T17:40:58.783540+00:00] main.INFO: Add of item with id Magento_TaxImportExport::system_convert_tax was processed [] []
[2024-10-16T17:40:58.783787+00:00] main.INFO: Add of item with id Magento_AsynchronousOperations::system_magento_logging was processed [] []
[2024-10-16T17:40:58.784037+00:00] main.INFO: Add of item with id Magento_AsynchronousOperations::system_magento_logging_bulk_operations was processed [] []
[2024-10-16T17:40:58.784282+00:00] main.INFO: Add of item with id Magento_CurrencySymbol::system_currency was processed [] []
[2024-10-16T17:40:58.784529+00:00] main.INFO: Add of item with id Magento_CurrencySymbol::system_currency_rates was processed [] []
[2024-10-16T17:40:58.784778+00:00] main.INFO: Add of item with id Magento_CurrencySymbol::system_currency_symbols was processed [] []
[2024-10-16T17:40:58.785021+00:00] main.INFO: Add of item with id Meetanshi_ShipmentIntegrator::shipment was processed [] []
[2024-10-16T17:40:58.785262+00:00] main.INFO: Add of item with id PayPal_Braintree::settlement_report was processed [] []
[2024-10-16T17:40:58.785502+00:00] main.INFO: Add of item with id PayPal_Braintree::virtual_terminal was processed [] []
[2024-10-16T17:40:58.785747+00:00] main.INFO: Add of item with id Sparsh_Banner::elements was processed [] []
[2024-10-16T17:40:58.785997+00:00] main.INFO: Add of item with id Sparsh_Banner::banner was processed [] []
[2024-10-16T17:40:58.786242+00:00] main.INFO: Add of item with id Sparsh_Banner::configuration was processed [] []
[2024-10-16T17:40:58.786483+00:00] main.INFO: Add of item with id Thecoachsmb_Grid::gridmanager was processed [] []
[2024-10-16T17:40:58.786737+00:00] main.INFO: Add of item with id Thecoachsmb_Grid::create was processed [] []
[2024-10-17T06:18:06.982475+00:00] main.INFO: Item Magento_Backend::system_currency was removed [] []
[2024-10-17T06:18:06.991429+00:00] main.INFO: Add of item with id Magento_Config::system_config was processed [] []
[2024-10-17T06:18:06.992252+00:00] main.INFO: Add of item with id Magento_AdminNotification::system_adminnotification was processed [] []
[2024-10-17T06:18:06.993029+00:00] main.INFO: Add of item with id Magento_Theme::design_config was processed [] []
[2024-10-17T06:18:06.993713+00:00] main.INFO: Add of item with id Magento_Theme::system_design_theme was processed [] []
[2024-10-17T06:18:06.994480+00:00] main.INFO: Add of item with id Magento_Backend::system_design_schedule was processed [] []
[2024-10-17T06:18:06.995244+00:00] main.INFO: Add of item with id Magento_Backend::system_store was processed [] []
[2024-10-17T06:18:06.996003+00:00] main.INFO: Add of item with id Magento_Backend::dashboard was processed [] []
[2024-10-17T06:18:06.996728+00:00] main.INFO: Add of item with id Magento_Backend::system was processed [] []
[2024-10-17T06:18:06.997526+00:00] main.INFO: Add of item with id Magento_Backend::system_tools was processed [] []
[2024-10-17T06:18:06.998330+00:00] main.INFO: Add of item with id Magento_Backend::system_design was processed [] []
[2024-10-17T06:18:06.999291+00:00] main.INFO: Add of item with id Magento_Backend::system_convert was processed [] []
[2024-10-17T06:18:07.000495+00:00] main.INFO: Add of item with id Magento_Backend::system_cache was processed [] []
[2024-10-17T06:18:07.001536+00:00] main.INFO: Add of item with id Magento_Backend::marketing was processed [] []
[2024-10-17T06:18:07.002596+00:00] main.INFO: Add of item with id Magento_Backend::marketing_communications was processed [] []
[2024-10-17T06:18:07.003590+00:00] main.INFO: Add of item with id Magento_Backend::marketing_seo was processed [] []
[2024-10-17T06:18:07.004585+00:00] main.INFO: Add of item with id Magento_Backend::marketing_user_content was processed [] []
[2024-10-17T06:18:07.005524+00:00] main.INFO: Add of item with id Magento_Backend::content was processed [] []
[2024-10-17T06:18:07.006441+00:00] main.INFO: Add of item with id Magento_Backend::content_elements was processed [] []
[2024-10-17T06:18:07.007366+00:00] main.INFO: Add of item with id Magento_Backend::stores was processed [] []
[2024-10-17T06:18:07.008123+00:00] main.INFO: Add of item with id Magento_Backend::stores_settings was processed [] []
[2024-10-17T06:18:07.008916+00:00] main.INFO: Add of item with id Magento_Backend::stores_attributes was processed [] []
[2024-10-17T06:18:07.009641+00:00] main.INFO: Add of item with id Magento_Backend::other_settings was processed [] []
[2024-10-17T06:18:07.010354+00:00] main.INFO: Add of item with id Magento_Backend::system_other_settings was processed [] []
[2024-10-17T06:18:07.010997+00:00] main.INFO: Add of item with id Magento_User::system_acl was processed [] []
[2024-10-17T06:18:07.011540+00:00] main.INFO: Add of item with id Magento_User::system_acl_users was processed [] []
[2024-10-17T06:18:07.012099+00:00] main.INFO: Add of item with id Magento_User::system_acl_roles was processed [] []
[2024-10-17T06:18:07.012640+00:00] main.INFO: Add of item with id Magento_User::system_acl_locks was processed [] []
[2024-10-17T06:18:07.013200+00:00] main.INFO: Add of item with id Magento_Customer::customer was processed [] []
[2024-10-17T06:18:07.013717+00:00] main.INFO: Add of item with id Magento_Customer::customer_manage was processed [] []
[2024-10-17T06:18:07.014322+00:00] main.INFO: Add of item with id Magento_Customer::customer_online was processed [] []
[2024-10-17T06:18:07.014859+00:00] main.INFO: Add of item with id Magento_Customer::customer_group was processed [] []
[2024-10-17T06:18:07.015536+00:00] main.INFO: Add of item with id Magento_Backup::system_tools_backup was processed [] []
[2024-10-17T06:18:07.016135+00:00] main.INFO: Add of item with id Magento_Indexer::system_index was processed [] []
[2024-10-17T06:18:07.016645+00:00] main.INFO: Add of item with id Magento_Variable::system_variable was processed [] []
[2024-10-17T06:18:07.017213+00:00] main.INFO: Add of item with id Magento_Cms::cms_page was processed [] []
[2024-10-17T06:18:07.017728+00:00] main.INFO: Add of item with id Magento_Cms::cms_block was processed [] []
[2024-10-17T06:18:07.018296+00:00] main.INFO: Add of item with id Magento_Search::search_terms was processed [] []
[2024-10-17T06:18:07.018805+00:00] main.INFO: Add of item with id Magento_Search::search_synonyms was processed [] []
[2024-10-17T06:18:07.019346+00:00] main.INFO: Add of item with id Magento_Catalog::catalog was processed [] []
[2024-10-17T06:18:07.019866+00:00] main.INFO: Add of item with id Magento_Catalog::catalog_products was processed [] []
[2024-10-17T06:18:07.020361+00:00] main.INFO: Add of item with id Magento_Catalog::catalog_categories was processed [] []
[2024-10-17T06:18:07.020938+00:00] main.INFO: Add of item with id Magento_Catalog::catalog_attributes_attributes was processed [] []
[2024-10-17T06:18:07.021448+00:00] main.INFO: Add of item with id Magento_Catalog::catalog_attributes_sets was processed [] []
[2024-10-17T06:18:07.022005+00:00] main.INFO: Add of item with id Magento_Catalog::inventory was processed [] []
[2024-10-17T06:18:07.022504+00:00] main.INFO: Add of item with id Magento_CatalogRule::promo was processed [] []
[2024-10-17T06:18:07.023068+00:00] main.INFO: Add of item with id Magento_CatalogRule::promo_catalog was processed [] []
[2024-10-17T06:18:07.023538+00:00] main.INFO: Add of item with id Magento_MediaGalleryUi::media was processed [] []
[2024-10-17T06:18:07.024070+00:00] main.INFO: Add of item with id Magento_MediaGalleryUi::media_gallery was processed [] []
[2024-10-17T06:18:07.024539+00:00] main.INFO: Add of item with id Magento_Integration::system_extensions was processed [] []
[2024-10-17T06:18:07.025066+00:00] main.INFO: Add of item with id Magento_Integration::system_integrations was processed [] []
[2024-10-17T06:18:07.025534+00:00] main.INFO: Add of item with id Magento_Sales::sales was processed [] []
[2024-10-17T06:18:07.026062+00:00] main.INFO: Add of item with id Magento_Sales::sales_operation was processed [] []
[2024-10-17T06:18:07.026538+00:00] main.INFO: Add of item with id Magento_Sales::sales_order was processed [] []
[2024-10-17T06:18:07.027027+00:00] main.INFO: Add of item with id Magento_Sales::sales_invoice was processed [] []
[2024-10-17T06:18:07.027492+00:00] main.INFO: Add of item with id Magento_Sales::sales_shipment was processed [] []
[2024-10-17T06:18:07.028173+00:00] main.INFO: Add of item with id Magento_Sales::sales_creditmemo was processed [] []
[2024-10-17T06:18:07.028878+00:00] main.INFO: Add of item with id Magento_Sales::sales_transactions was processed [] []
[2024-10-17T06:18:07.029505+00:00] main.INFO: Add of item with id Magento_Sales::system_order_statuses was processed [] []
[2024-10-17T06:18:07.030023+00:00] main.INFO: Add of item with id Magento_Widget::cms_widget_instance was processed [] []
[2024-10-17T06:18:07.030558+00:00] main.INFO: Add of item with id Magento_Analytics::business_intelligence was processed [] []
[2024-10-17T06:18:07.031123+00:00] main.INFO: Add of item with id Magento_Analytics::advanced_reporting was processed [] []
[2024-10-17T06:18:07.031663+00:00] main.INFO: Add of item with id Magento_Analytics::bi_essentials was processed [] []
[2024-10-17T06:18:07.032194+00:00] main.INFO: Add of item with id Magento_Downloadable::report_products_downloads was processed [] []
[2024-10-17T06:18:07.032889+00:00] main.INFO: Add of item with id Magento_ImportExport::system_convert_import was processed [] []
[2024-10-17T06:18:07.033590+00:00] main.INFO: Add of item with id Magento_ImportExport::system_convert_export was processed [] []
[2024-10-17T06:18:07.034132+00:00] main.INFO: Add of item with id Magento_ImportExport::system_convert_history was processed [] []
[2024-10-17T06:18:07.034731+00:00] main.INFO: Add of item with id Magento_Email::template was processed [] []
[2024-10-17T06:18:07.035309+00:00] main.INFO: Add of item with id Magento_EncryptionKey::system_crypt_key was processed [] []
[2024-10-17T06:18:07.035934+00:00] main.INFO: Add of item with id Magento_InventoryAdminUi::inventory was processed [] []
[2024-10-17T06:18:07.036541+00:00] main.INFO: Add of item with id Magento_InventoryAdminUi::source was processed [] []
[2024-10-17T06:18:07.037146+00:00] main.INFO: Add of item with id Magento_InventoryAdminUi::stock was processed [] []
[2024-10-17T06:18:07.037666+00:00] main.INFO: Add of item with id Magento_Reports::report was processed [] []
[2024-10-17T06:18:07.038269+00:00] main.INFO: Add of item with id Magento_Reports::report_marketing was processed [] []
[2024-10-17T06:18:07.038749+00:00] main.INFO: Add of item with id Magento_Reports::report_salesroot was processed [] []
[2024-10-17T06:18:07.039280+00:00] main.INFO: Add of item with id Magento_Reports::report_salesroot_sales was processed [] []
[2024-10-17T06:18:07.039763+00:00] main.INFO: Add of item with id Magento_Reports::report_salesroot_tax was processed [] []
[2024-10-17T06:18:07.040326+00:00] main.INFO: Add of item with id Magento_Reports::report_salesroot_invoiced was processed [] []
[2024-10-17T06:18:07.040857+00:00] main.INFO: Add of item with id Magento_Reports::report_salesroot_shipping was processed [] []
[2024-10-17T06:18:07.041367+00:00] main.INFO: Add of item with id Magento_Reports::report_salesroot_refunded was processed [] []
[2024-10-17T06:18:07.041912+00:00] main.INFO: Add of item with id Magento_Reports::report_salesroot_coupons was processed [] []
[2024-10-17T06:18:07.042411+00:00] main.INFO: Add of item with id Magento_Reports::report_shopcart_product was processed [] []
[2024-10-17T06:18:07.042954+00:00] main.INFO: Add of item with id Magento_Reports::report_shopcart_abandoned was processed [] []
[2024-10-17T06:18:07.043446+00:00] main.INFO: Add of item with id Magento_Reports::report_products was processed [] []
[2024-10-17T06:18:07.044137+00:00] main.INFO: Add of item with id Magento_Reports::report_products_bestsellers was processed [] []
[2024-10-17T06:18:07.044995+00:00] main.INFO: Add of item with id Magento_Reports::report_products_sold was processed [] []
[2024-10-17T06:18:07.045697+00:00] main.INFO: Add of item with id Magento_Reports::report_products_viewed was processed [] []
[2024-10-17T06:18:07.046254+00:00] main.INFO: Add of item with id Magento_Reports::report_products_lowstock was processed [] []
[2024-10-17T06:18:07.046782+00:00] main.INFO: Add of item with id Magento_Reports::report_customers was processed [] []
[2024-10-17T06:18:07.047317+00:00] main.INFO: Add of item with id Magento_Reports::report_customers_accounts was processed [] []
[2024-10-17T06:18:07.047762+00:00] main.INFO: Add of item with id Magento_Reports::report_customers_totals was processed [] []
[2024-10-17T06:18:07.048307+00:00] main.INFO: Add of item with id Magento_Reports::report_customers_orders was processed [] []
[2024-10-17T06:18:07.048751+00:00] main.INFO: Add of item with id Magento_Reports::report_statistics was processed [] []
[2024-10-17T06:18:07.049273+00:00] main.INFO: Add of item with id Magento_Reports::report_statistics_refresh was processed [] []
[2024-10-17T06:18:07.049721+00:00] main.INFO: Add of item with id Magento_Search::report_search_term was processed [] []
[2024-10-17T06:18:07.050237+00:00] main.INFO: Add of item with id Magento_LoginAsCustomerLog::login_log was processed [] []
[2024-10-17T06:18:07.050678+00:00] main.INFO: Add of item with id Magento_Marketplace::partners was processed [] []
[2024-10-17T06:18:07.051189+00:00] main.INFO: Add of item with id Magento_Newsletter::newsletter_template was processed [] []
[2024-10-17T06:18:07.051669+00:00] main.INFO: Add of item with id Magento_Newsletter::newsletter_queue was processed [] []
[2024-10-17T06:18:07.052246+00:00] main.INFO: Add of item with id Magento_Newsletter::newsletter_subscriber was processed [] []
[2024-10-17T06:18:07.052690+00:00] main.INFO: Add of item with id Magento_Newsletter::newsletter_problem was processed [] []
[2024-10-17T06:18:07.053236+00:00] main.INFO: Add of item with id Magento_SalesRule::promo_quote was processed [] []
[2024-10-17T06:18:07.053847+00:00] main.INFO: Add of item with id Magento_Sitemap::catalog_sitemap was processed [] []
[2024-10-17T06:18:07.054476+00:00] main.INFO: Add of item with id Magento_PageBuilder::templates was processed [] []
[2024-10-17T06:18:07.054992+00:00] main.INFO: Add of item with id Magento_Paypal::report_salesroot_paypal_settlement_reports was processed [] []
[2024-10-17T06:18:07.055420+00:00] main.INFO: Add of item with id Magento_Paypal::paypal_billing_agreement was processed [] []
[2024-10-17T06:18:07.055894+00:00] main.INFO: Add of item with id Magento_CheckoutAgreements::sales_checkoutagreement was processed [] []
[2024-10-17T06:18:07.056392+00:00] main.INFO: Add of item with id Magento_Review::catalog_reviews_ratings_ratings was processed [] []
[2024-10-17T06:18:07.057091+00:00] main.INFO: Add of item with id Magento_Review::catalog_reviews_ratings_pending was processed [] []
[2024-10-17T06:18:07.057573+00:00] main.INFO: Add of item with id Magento_Review::catalog_reviews_ratings_reviews_all was processed [] []
[2024-10-17T06:18:07.058120+00:00] main.INFO: Add of item with id Magento_Review::report_review was processed [] []
[2024-10-17T06:18:07.058582+00:00] main.INFO: Add of item with id Magento_Review::report_review_customer was processed [] []
[2024-10-17T06:18:07.059093+00:00] main.INFO: Add of item with id Magento_Review::report_review_product was processed [] []
[2024-10-17T06:18:07.059537+00:00] main.INFO: Add of item with id Magento_UrlRewrite::urlrewrite was processed [] []
[2024-10-17T06:18:07.060120+00:00] main.INFO: Add of item with id Magento_Tax::sales_tax was processed [] []
[2024-10-17T06:18:07.060579+00:00] main.INFO: Add of item with id Magento_Tax::sales_tax_rules was processed [] []
[2024-10-17T06:18:07.061112+00:00] main.INFO: Add of item with id Magento_Tax::sales_tax_rates was processed [] []
[2024-10-17T06:18:07.061555+00:00] main.INFO: Add of item with id Magento_TaxImportExport::system_convert_tax was processed [] []
[2024-10-17T06:18:07.062081+00:00] main.INFO: Add of item with id Magento_AsynchronousOperations::system_magento_logging was processed [] []
[2024-10-17T06:18:07.062531+00:00] main.INFO: Add of item with id Magento_AsynchronousOperations::system_magento_logging_bulk_operations was processed [] []
[2024-10-17T06:18:07.063040+00:00] main.INFO: Add of item with id Magento_CurrencySymbol::system_currency was processed [] []
[2024-10-17T06:18:07.063691+00:00] main.INFO: Add of item with id Magento_CurrencySymbol::system_currency_rates was processed [] []
[2024-10-17T06:18:07.064332+00:00] main.INFO: Add of item with id Magento_CurrencySymbol::system_currency_symbols was processed [] []
[2024-10-17T06:18:07.064981+00:00] main.INFO: Add of item with id PayPal_Braintree::settlement_report was processed [] []
[2024-10-17T06:18:07.065428+00:00] main.INFO: Add of item with id PayPal_Braintree::virtual_terminal was processed [] []
[2024-10-17T06:18:07.065936+00:00] main.INFO: Add of item with id Sparsh_Banner::elements was processed [] []
[2024-10-17T06:18:07.066469+00:00] main.INFO: Add of item with id Sparsh_Banner::banner was processed [] []
[2024-10-17T06:18:07.066992+00:00] main.INFO: Add of item with id Sparsh_Banner::configuration was processed [] []
[2024-10-17T06:18:31.824476+00:00] main.INFO: Item Magento_Backend::system_currency was removed [] []
[2024-10-17T06:18:31.827830+00:00] main.INFO: Add of item with id Magento_Config::system_config was processed [] []
[2024-10-17T06:18:31.828494+00:00] main.INFO: Add of item with id Magento_AdminNotification::system_adminnotification was processed [] []
[2024-10-17T06:18:31.829050+00:00] main.INFO: Add of item with id Magento_Theme::design_config was processed [] []
[2024-10-17T06:18:31.829539+00:00] main.INFO: Add of item with id Magento_Theme::system_design_theme was processed [] []
[2024-10-17T06:18:31.830042+00:00] main.INFO: Add of item with id Magento_Backend::system_design_schedule was processed [] []
[2024-10-17T06:18:31.830495+00:00] main.INFO: Add of item with id Magento_Backend::system_store was processed [] []
[2024-10-17T06:18:31.830999+00:00] main.INFO: Add of item with id Magento_Backend::dashboard was processed [] []
[2024-10-17T06:18:31.831452+00:00] main.INFO: Add of item with id Magento_Backend::system was processed [] []
[2024-10-17T06:18:31.831979+00:00] main.INFO: Add of item with id Magento_Backend::system_tools was processed [] []
[2024-10-17T06:18:31.832501+00:00] main.INFO: Add of item with id Magento_Backend::system_design was processed [] []
[2024-10-17T06:18:31.833009+00:00] main.INFO: Add of item with id Magento_Backend::system_convert was processed [] []
[2024-10-17T06:18:31.833877+00:00] main.INFO: Add of item with id Magento_Backend::system_cache was processed [] []
[2024-10-17T06:18:31.834801+00:00] main.INFO: Add of item with id Magento_Backend::marketing was processed [] []
[2024-10-17T06:18:31.835420+00:00] main.INFO: Add of item with id Magento_Backend::marketing_communications was processed [] []
[2024-10-17T06:18:31.836025+00:00] main.INFO: Add of item with id Magento_Backend::marketing_seo was processed [] []
[2024-10-17T06:18:31.836555+00:00] main.INFO: Add of item with id Magento_Backend::marketing_user_content was processed [] []
[2024-10-17T06:18:31.837093+00:00] main.INFO: Add of item with id Magento_Backend::content was processed [] []
[2024-10-17T06:18:31.837616+00:00] main.INFO: Add of item with id Magento_Backend::content_elements was processed [] []
[2024-10-17T06:18:31.838288+00:00] main.INFO: Add of item with id Magento_Backend::stores was processed [] []
[2024-10-17T06:18:31.838943+00:00] main.INFO: Add of item with id Magento_Backend::stores_settings was processed [] []
[2024-10-17T06:18:31.839498+00:00] main.INFO: Add of item with id Magento_Backend::stores_attributes was processed [] []
[2024-10-17T06:18:31.840570+00:00] main.INFO: Add of item with id Magento_Backend::other_settings was processed [] []
[2024-10-17T06:18:31.841116+00:00] main.INFO: Add of item with id Magento_Backend::system_other_settings was processed [] []
[2024-10-17T06:18:31.841579+00:00] main.INFO: Add of item with id Magento_User::system_acl was processed [] []
[2024-10-17T06:18:31.842099+00:00] main.INFO: Add of item with id Magento_User::system_acl_users was processed [] []
[2024-10-17T06:18:31.842568+00:00] main.INFO: Add of item with id Magento_User::system_acl_roles was processed [] []
[2024-10-17T06:18:31.843248+00:00] main.INFO: Add of item with id Magento_User::system_acl_locks was processed [] []
[2024-10-17T06:18:31.844145+00:00] main.INFO: Add of item with id Magento_Customer::customer was processed [] []
[2024-10-17T06:18:31.845020+00:00] main.INFO: Add of item with id Magento_Customer::customer_manage was processed [] []
[2024-10-17T06:18:31.845572+00:00] main.INFO: Add of item with id Magento_Customer::customer_online was processed [] []
[2024-10-17T06:18:31.846112+00:00] main.INFO: Add of item with id Magento_Customer::customer_group was processed [] []
[2024-10-17T06:18:31.846628+00:00] main.INFO: Add of item with id Magento_Backup::system_tools_backup was processed [] []
[2024-10-17T06:18:31.847157+00:00] main.INFO: Add of item with id Magento_Indexer::system_index was processed [] []
[2024-10-17T06:18:31.847673+00:00] main.INFO: Add of item with id Magento_Variable::system_variable was processed [] []
[2024-10-17T06:18:31.848574+00:00] main.INFO: Add of item with id Magento_Cms::cms_page was processed [] []
[2024-10-17T06:18:31.849595+00:00] main.INFO: Add of item with id Magento_Cms::cms_block was processed [] []
[2024-10-17T06:18:31.850624+00:00] main.INFO: Add of item with id Magento_Search::search_terms was processed [] []
[2024-10-17T06:18:31.851628+00:00] main.INFO: Add of item with id Magento_Search::search_synonyms was processed [] []
[2024-10-17T06:18:31.852570+00:00] main.INFO: Add of item with id Magento_Catalog::catalog was processed [] []
[2024-10-17T06:18:31.853567+00:00] main.INFO: Add of item with id Magento_Catalog::catalog_products was processed [] []
[2024-10-17T06:18:31.854602+00:00] main.INFO: Add of item with id Magento_Catalog::catalog_categories was processed [] []
[2024-10-17T06:18:31.855570+00:00] main.INFO: Add of item with id Magento_Catalog::catalog_attributes_attributes was processed [] []
[2024-10-17T06:18:31.856482+00:00] main.INFO: Add of item with id Magento_Catalog::catalog_attributes_sets was processed [] []
[2024-10-17T06:18:31.857235+00:00] main.INFO: Add of item with id Magento_Catalog::inventory was processed [] []
[2024-10-17T06:18:31.858112+00:00] main.INFO: Add of item with id Magento_CatalogRule::promo was processed [] []
[2024-10-17T06:18:31.859134+00:00] main.INFO: Add of item with id Magento_CatalogRule::promo_catalog was processed [] []
[2024-10-17T06:18:31.860182+00:00] main.INFO: Add of item with id Magento_MediaGalleryUi::media was processed [] []
[2024-10-17T06:18:31.861218+00:00] main.INFO: Add of item with id Magento_MediaGalleryUi::media_gallery was processed [] []
[2024-10-17T06:18:31.862183+00:00] main.INFO: Add of item with id Magento_Integration::system_extensions was processed [] []
[2024-10-17T06:18:31.863010+00:00] main.INFO: Add of item with id Magento_Integration::system_integrations was processed [] []
[2024-10-17T06:18:31.864071+00:00] main.INFO: Add of item with id Magento_Sales::sales was processed [] []
[2024-10-17T06:18:31.865055+00:00] main.INFO: Add of item with id Magento_Sales::sales_operation was processed [] []
[2024-10-17T06:18:31.866138+00:00] main.INFO: Add of item with id Magento_Sales::sales_order was processed [] []
[2024-10-17T06:18:31.867183+00:00] main.INFO: Add of item with id Magento_Sales::sales_invoice was processed [] []
[2024-10-17T06:18:31.868285+00:00] main.INFO: Add of item with id Magento_Sales::sales_shipment was processed [] []
[2024-10-17T06:18:31.869319+00:00] main.INFO: Add of item with id Magento_Sales::sales_creditmemo was processed [] []
[2024-10-17T06:18:31.870357+00:00] main.INFO: Add of item with id Magento_Sales::sales_transactions was processed [] []
[2024-10-17T06:18:31.871371+00:00] main.INFO: Add of item with id Magento_Sales::system_order_statuses was processed [] []
[2024-10-17T06:18:31.872419+00:00] main.INFO: Add of item with id Magento_Widget::cms_widget_instance was processed [] []
[2024-10-17T06:18:31.873436+00:00] main.INFO: Add of item with id Magento_Analytics::business_intelligence was processed [] []
[2024-10-17T06:18:31.874348+00:00] main.INFO: Add of item with id Magento_Analytics::advanced_reporting was processed [] []
[2024-10-17T06:18:31.875100+00:00] main.INFO: Add of item with id Magento_Analytics::bi_essentials was processed [] []
[2024-10-17T06:18:31.875740+00:00] main.INFO: Add of item with id Magento_Downloadable::report_products_downloads was processed [] []
[2024-10-17T06:18:31.876355+00:00] main.INFO: Add of item with id Magento_ImportExport::system_convert_import was processed [] []
[2024-10-17T06:18:31.876981+00:00] main.INFO: Add of item with id Magento_ImportExport::system_convert_export was processed [] []
[2024-10-17T06:18:31.877579+00:00] main.INFO: Add of item with id Magento_ImportExport::system_convert_history was processed [] []
[2024-10-17T06:18:31.878198+00:00] main.INFO: Add of item with id Magento_Email::template was processed [] []
[2024-10-17T06:18:31.878777+00:00] main.INFO: Add of item with id Magento_EncryptionKey::system_crypt_key was processed [] []
[2024-10-17T06:18:31.879363+00:00] main.INFO: Add of item with id Magento_InventoryAdminUi::inventory was processed [] []
[2024-10-17T06:18:31.879923+00:00] main.INFO: Add of item with id Magento_InventoryAdminUi::source was processed [] []
[2024-10-17T06:18:31.880470+00:00] main.INFO: Add of item with id Magento_InventoryAdminUi::stock was processed [] []
[2024-10-17T06:18:31.881050+00:00] main.INFO: Add of item with id Magento_Reports::report was processed [] []
[2024-10-17T06:18:31.881586+00:00] main.INFO: Add of item with id Magento_Reports::report_marketing was processed [] []
[2024-10-17T06:18:31.882449+00:00] main.INFO: Add of item with id Magento_Reports::report_salesroot was processed [] []
[2024-10-17T06:18:31.883346+00:00] main.INFO: Add of item with id Magento_Reports::report_salesroot_sales was processed [] []
[2024-10-17T06:18:31.884390+00:00] main.INFO: Add of item with id Magento_Reports::report_salesroot_tax was processed [] []
[2024-10-17T06:18:31.885456+00:00] main.INFO: Add of item with id Magento_Reports::report_salesroot_invoiced was processed [] []
[2024-10-17T06:18:31.886464+00:00] main.INFO: Add of item with id Magento_Reports::report_salesroot_shipping was processed [] []
[2024-10-17T06:18:31.887515+00:00] main.INFO: Add of item with id Magento_Reports::report_salesroot_refunded was processed [] []
[2024-10-17T06:18:31.888529+00:00] main.INFO: Add of item with id Magento_Reports::report_salesroot_coupons was processed [] []
[2024-10-17T06:18:31.889540+00:00] main.INFO: Add of item with id Magento_Reports::report_shopcart_product was processed [] []
[2024-10-17T06:18:31.890337+00:00] main.INFO: Add of item with id Magento_Reports::report_shopcart_abandoned was processed [] []
[2024-10-17T06:18:31.890971+00:00] main.INFO: Add of item with id Magento_Reports::report_products was processed [] []
[2024-10-17T06:18:31.891540+00:00] main.INFO: Add of item with id Magento_Reports::report_products_bestsellers was processed [] []
[2024-10-17T06:18:31.892138+00:00] main.INFO: Add of item with id Magento_Reports::report_products_sold was processed [] []
[2024-10-17T06:18:31.892695+00:00] main.INFO: Add of item with id Magento_Reports::report_products_viewed was processed [] []
[2024-10-17T06:18:31.893270+00:00] main.INFO: Add of item with id Magento_Reports::report_products_lowstock was processed [] []
[2024-10-17T06:18:31.893843+00:00] main.INFO: Add of item with id Magento_Reports::report_customers was processed [] []
[2024-10-17T06:18:31.894455+00:00] main.INFO: Add of item with id Magento_Reports::report_customers_accounts was processed [] []
[2024-10-17T06:18:31.895084+00:00] main.INFO: Add of item with id Magento_Reports::report_customers_totals was processed [] []
[2024-10-17T06:18:31.895605+00:00] main.INFO: Add of item with id Magento_Reports::report_customers_orders was processed [] []
[2024-10-17T06:18:31.896170+00:00] main.INFO: Add of item with id Magento_Reports::report_statistics was processed [] []
[2024-10-17T06:18:31.896718+00:00] main.INFO: Add of item with id Magento_Reports::report_statistics_refresh was processed [] []
[2024-10-17T06:18:31.897286+00:00] main.INFO: Add of item with id Magento_Search::report_search_term was processed [] []
[2024-10-17T06:18:31.897989+00:00] main.INFO: Add of item with id Magento_LoginAsCustomerLog::login_log was processed [] []
[2024-10-17T06:18:31.898541+00:00] main.INFO: Add of item with id Magento_Marketplace::partners was processed [] []
[2024-10-17T06:18:31.899077+00:00] main.INFO: Add of item with id Magento_Newsletter::newsletter_template was processed [] []
[2024-10-17T06:18:31.899663+00:00] main.INFO: Add of item with id Magento_Newsletter::newsletter_queue was processed [] []
[2024-10-17T06:18:31.900673+00:00] main.INFO: Add of item with id Magento_Newsletter::newsletter_subscriber was processed [] []
[2024-10-17T06:18:31.901610+00:00] main.INFO: Add of item with id Magento_Newsletter::newsletter_problem was processed [] []
[2024-10-17T06:18:31.902449+00:00] main.INFO: Add of item with id Magento_SalesRule::promo_quote was processed [] []
[2024-10-17T06:18:31.903173+00:00] main.INFO: Add of item with id Magento_Sitemap::catalog_sitemap was processed [] []
[2024-10-17T06:18:31.903724+00:00] main.INFO: Add of item with id Magento_PageBuilder::templates was processed [] []
[2024-10-17T06:18:31.904278+00:00] main.INFO: Add of item with id Magento_Paypal::report_salesroot_paypal_settlement_reports was processed [] []
[2024-10-17T06:18:31.904871+00:00] main.INFO: Add of item with id Magento_Paypal::paypal_billing_agreement was processed [] []
[2024-10-17T06:18:31.905433+00:00] main.INFO: Add of item with id Magento_CheckoutAgreements::sales_checkoutagreement was processed [] []
[2024-10-17T06:18:31.905998+00:00] main.INFO: Add of item with id Magento_Review::catalog_reviews_ratings_ratings was processed [] []
[2024-10-17T06:18:31.906582+00:00] main.INFO: Add of item with id Magento_Review::catalog_reviews_ratings_pending was processed [] []
[2024-10-17T06:18:31.907169+00:00] main.INFO: Add of item with id Magento_Review::catalog_reviews_ratings_reviews_all was processed [] []
[2024-10-17T06:18:31.907723+00:00] main.INFO: Add of item with id Magento_Review::report_review was processed [] []
[2024-10-17T06:18:31.908301+00:00] main.INFO: Add of item with id Magento_Review::report_review_customer was processed [] []
[2024-10-17T06:18:31.908886+00:00] main.INFO: Add of item with id Magento_Review::report_review_product was processed [] []
[2024-10-17T06:18:31.909441+00:00] main.INFO: Add of item with id Magento_UrlRewrite::urlrewrite was processed [] []
[2024-10-17T06:18:31.910003+00:00] main.INFO: Add of item with id Magento_Tax::sales_tax was processed [] []
[2024-10-17T06:18:31.910572+00:00] main.INFO: Add of item with id Magento_Tax::sales_tax_rules was processed [] []
[2024-10-17T06:18:31.911175+00:00] main.INFO: Add of item with id Magento_Tax::sales_tax_rates was processed [] []
[2024-10-17T06:18:31.911714+00:00] main.INFO: Add of item with id Magento_TaxImportExport::system_convert_tax was processed [] []
[2024-10-17T06:18:31.912289+00:00] main.INFO: Add of item with id Magento_AsynchronousOperations::system_magento_logging was processed [] []
[2024-10-17T06:18:31.912877+00:00] main.INFO: Add of item with id Magento_AsynchronousOperations::system_magento_logging_bulk_operations was processed [] []
[2024-10-17T06:18:31.913433+00:00] main.INFO: Add of item with id Magento_CurrencySymbol::system_currency was processed [] []
[2024-10-17T06:18:31.913980+00:00] main.INFO: Add of item with id Magento_CurrencySymbol::system_currency_rates was processed [] []
[2024-10-17T06:18:31.914506+00:00] main.INFO: Add of item with id Magento_CurrencySymbol::system_currency_symbols was processed [] []
[2024-10-17T06:18:31.915124+00:00] main.INFO: Add of item with id PayPal_Braintree::settlement_report was processed [] []
[2024-10-17T06:18:31.915735+00:00] main.INFO: Add of item with id PayPal_Braintree::virtual_terminal was processed [] []
[2024-10-17T06:18:31.916356+00:00] main.INFO: Add of item with id Sparsh_Banner::elements was processed [] []
[2024-10-17T06:18:31.916973+00:00] main.INFO: Add of item with id Sparsh_Banner::banner was processed [] []
[2024-10-17T06:18:31.917510+00:00] main.INFO: Add of item with id Sparsh_Banner::configuration was processed [] []
